<?xml version="1.0" encoding="UTF-8"?>
<testng-results ignored="0" total="1" passed="1" failed="0" skipped="0">
  <reporter-output>
    <line>
      <![CDATA[Clicked the 'History' button.]]>
    </line>
    <line>
      <![CDATA[📷 Screenshot [PASS]: <a href='test-output/screenshots/HistoryTestScenario_PASS_20250418_114347.png'>View</a>]]>
    </line>
  </reporter-output>
  <suite started-at="2025-04-18T11:43:29 IST" name="Default Suite" finished-at="2025-04-18T11:43:48 IST" duration-ms="18822">
    <groups>
    </groups>
    <test started-at="2025-04-18T11:43:29 IST" name="PayCioAutomation" finished-at="2025-04-18T11:43:48 IST" duration-ms="18822">
      <class name="Tests.HistoryTest">
        <test-method is-config="true" signature="ConfigureAppium()[pri:0, instance:Tests.HistoryTest@4372b9b6]" started-at="2025-04-18T11:43:29 IST" name="ConfigureAppium" finished-at="2025-04-18T11:43:41 IST" duration-ms="11911" status="PASS">
          <reporter-output>
          </reporter-output>
        </test-method> <!-- ConfigureAppium -->
        <test-method is-config="true" signature="setUpLoginClass()[pri:0, instance:Tests.HistoryTest@4372b9b6]" started-at="2025-04-18T11:43:41 IST" name="setUpLoginClass" finished-at="2025-04-18T11:43:41 IST" duration-ms="41" status="PASS">
          <reporter-output>
          </reporter-output>
        </test-method> <!-- setUpLoginClass -->
        <test-method signature="HistoryTestScenario()[pri:0, instance:Tests.HistoryTest@4372b9b6]" started-at="2025-04-18T11:43:41 IST" name="HistoryTestScenario" finished-at="2025-04-18T11:43:46 IST" duration-ms="5540" status="PASS">
          <reporter-output>
            <line>
              <![CDATA[Clicked the 'History' button.]]>
            </line>
            <line>
              <![CDATA[📷 Screenshot [PASS]: <a href='test-output/screenshots/HistoryTestScenario_PASS_20250418_114347.png'>View</a>]]>
            </line>
          </reporter-output>
        </test-method> <!-- HistoryTestScenario -->
        <test-method is-config="true" signature="tearDown()[pri:0, instance:Tests.HistoryTest@4372b9b6]" started-at="2025-04-18T11:43:47 IST" name="tearDown" finished-at="2025-04-18T11:43:48 IST" duration-ms="755" status="PASS">
          <reporter-output>
          </reporter-output>
        </test-method> <!-- tearDown -->
      </class> <!-- Tests.HistoryTest -->
    </test> <!-- PayCioAutomation -->
  </suite> <!-- Default Suite -->
</testng-results>
