<?xml version="1.0" encoding="UTF-8"?>
<!-- Generated by org.testng.reporters.JUnitReportReporter -->
<testsuite hostname="DESKTOP-FQ8REV2" failures="0" tests="1" name="Tests.HistoryTest" time="5.581" errors="0" timestamp="2025-04-18T11:43:48 IST" skipped="0">
  <testcase classname="Tests.HistoryTest" name="HistoryTestScenario" time="5.581">
    <system-out>
      <![CDATA[Clicked the 'History' button.
📷 Screenshot [PASS]: <a href='test-output/screenshots/HistoryTestScenario_PASS_20250418_114347.png'>View</a>]]>
    </system-out>
  </testcase> <!-- HistoryTestScenario -->
  <system-out>
    <![CDATA[Clicked the 'History' button.
📷 Screenshot [PASS]: <a href='test-output/screenshots/HistoryTestScenario_PASS_20250418_114347.png'>View</a>]]>
  </system-out>
</testsuite> <!-- Tests.HistoryTest -->
