<?xml version="1.0" encoding="UTF-8"?>
<!-- Generated by org.testng.reporters.JUnitReportReporter -->
<testsuite hostname="DESKTOP-FQ8REV2" failures="0" tests="1" name="Tests.WalletTest" time="15.085" errors="0" timestamp="2025-04-17T17:12:54 IST" skipped="0">
  <testcase classname="Tests.WalletTest" name="WalletTestScenario" time="15.085">
    <system-out>
      <![CDATA[Clicked the 'Wallet' button.
Successfully clicked the 'swap' Button.
Starting to enter amount...
Amount input field located.
Clicked on amount input field.
Cleared the amount input field.
Entered amount: 1
Closed the native keyboard.
Amount entry completed successfully.
Attempting to click the 'Confirm Swap' button...
Clicked on 'Confirm Swap' button successfully.
Snackbar message displayed: Unable to process Order
<br><b>Snackbar Screenshot:</b><br><img src='screenshots/snackbar_1744890172906.png' height='400' width='200'/><br>
📷 Screenshot [PASS]: <a href='test-output/screenshots/WalletTestScenario_PASS_20250417_171253.png'>View</a>]]>
    </system-out>
  </testcase> <!-- WalletTestScenario -->
  <system-out>
    <![CDATA[Clicked the 'Wallet' button.
Successfully clicked the 'swap' Button.
Starting to enter amount...
Amount input field located.
Clicked on amount input field.
Cleared the amount input field.
Entered amount: 1
Closed the native keyboard.
Amount entry completed successfully.
Attempting to click the 'Confirm Swap' button...
Clicked on 'Confirm Swap' button successfully.
Snackbar message displayed: Unable to process Order
<br><b>Snackbar Screenshot:</b><br><img src='screenshots/snackbar_1744890172906.png' height='400' width='200'/><br>
📷 Screenshot [PASS]: <a href='test-output/screenshots/WalletTestScenario_PASS_20250417_171253.png'>View</a>]]>
  </system-out>
</testsuite> <!-- Tests.WalletTest -->
