<?xml version="1.0" encoding="UTF-8"?>
<!-- Generated by org.testng.reporters.JUnitReportReporter -->
<testsuite hostname="DESKTOP-FQ8REV2" failures="0" tests="1" name="Tests.SupportedCurrenciesTest" time="37.199" errors="0" timestamp="2025-04-18T11:17:23 IST" skipped="0">
  <testcase classname="Tests.SupportedCurrenciesTest" name="SupportedCurrenciesTestScenario" time="37.199">
    <system-out>
      <![CDATA[Clicked the 'View All' button.
Attempting to click on the 'Bitcoin' text element.
Attempting to click on the 'Bitcoin' text element.
Clicked on Ethereum TextView
Attempting to click on the 'Ethereum' text element.
Ethereum element is visible and clickable.
Clicked on the 'Ethereum' text element.
Clicked on Lite Coin TextView
Clicked on Lite Coin TextView
📷 Screenshot [PASS]: <a href='test-output/screenshots/SupportedCurrenciesTestScenario_PASS_20250418_111722.png'>View</a>]]>
    </system-out>
  </testcase> <!-- SupportedCurrenciesTestScenario -->
  <system-out>
    <![CDATA[Clicked the 'View All' button.
Attempting to click on the 'Bitcoin' text element.
Attempting to click on the 'Bitcoin' text element.
Clicked on Ethereum TextView
Attempting to click on the 'Ethereum' text element.
Ethereum element is visible and clickable.
Clicked on the 'Ethereum' text element.
Clicked on Lite Coin TextView
Clicked on Lite Coin TextView
📷 Screenshot [PASS]: <a href='test-output/screenshots/SupportedCurrenciesTestScenario_PASS_20250418_111722.png'>View</a>]]>
  </system-out>
</testsuite> <!-- Tests.SupportedCurrenciesTest -->
