<?xml version="1.0" encoding="UTF-8"?>
<!-- Generated by org.testng.reporters.JUnitReportReporter -->
<testsuite hostname="DESKTOP-FQ8REV2" failures="0" tests="1" name="Tests.LiquidityDepositTest" time="59.359" errors="1" timestamp="2025-04-17T14:01:49 IST" skipped="0">
  <testcase classname="Tests.LiquidityDepositTest" name="LiquidityScenarioDeposit" time="59.359">
    <error message="Expected condition failed: waiting for element to be clickable: By.xpath: //android.view.ViewGroup[@content-desc=&#039;Edit&#039;] (tried for 15 second(s) with 500 milliseconds interval)
Build info: version: &#039;4.31.0&#039;, revision: &#039;1ef9f18787*&#039;
System info: os.name: &#039;Windows 10&#039;, os.arch: &#039;amd64&#039;, os.version: &#039;10.0&#039;, java.version: &#039;23.0.2&#039;
Driver info: io.appium.java_client.android.AndroidDriver
Capabilities {appium:app: C://Users//hp//Downloads//P..., appium:appActivity: com.paycio.MainActivity, appium:appPackage: com.paycio, appium:automationName: UIAutomator2, appium:databaseEnabled: false, appium:desired: {app: C://Users//hp//Downloads//P..., automationName: UIAutomator2, deviceName: OPPO A9 2020, fullReset: false, ignoreHiddenApiPolicyError: true, noReset: true, platformName: ANDROID}, appium:deviceApiLevel: 30, appium:deviceManufacturer: OPPO, appium:deviceModel: CPH1937, appium:deviceName: 7cd884c5, appium:deviceScreenDensity: 320, appium:deviceScreenSize: 720x1600, appium:deviceUDID: 7cd884c5, appium:fullReset: false, appium:ignoreHiddenApiPolicyError: true, appium:javascriptEnabled: true, appium:locationContextEnabled: false, appium:networkConnectionEnabled: true, appium:noReset: true, appium:pixelRatio: 2, appium:platformVersion: 11, appium:statBarHeight: 64, appium:takesScreenshot: true, appium:viewportRect: {height: 1536, left: 0, top: 64, width: 720}, appium:warnings: {}, appium:webStorageEnabled: false, platformName: ANDROID}
Session ID: e320dbc7-f5cd-46c5-8695-9d21610e5617" type="org.openqa.selenium.TimeoutException">
      <![CDATA[org.openqa.selenium.TimeoutException: Expected condition failed: waiting for element to be clickable: By.xpath: //android.view.ViewGroup[@content-desc='Edit'] (tried for 15 second(s) with 500 milliseconds interval)
Build info: version: '4.31.0', revision: '1ef9f18787*'
System info: os.name: 'Windows 10', os.arch: 'amd64', os.version: '10.0', java.version: '23.0.2'
Driver info: io.appium.java_client.android.AndroidDriver
Capabilities {appium:app: C://Users//hp//Downloads//P..., appium:appActivity: com.paycio.MainActivity, appium:appPackage: com.paycio, appium:automationName: UIAutomator2, appium:databaseEnabled: false, appium:desired: {app: C://Users//hp//Downloads//P..., automationName: UIAutomator2, deviceName: OPPO A9 2020, fullReset: false, ignoreHiddenApiPolicyError: true, noReset: true, platformName: ANDROID}, appium:deviceApiLevel: 30, appium:deviceManufacturer: OPPO, appium:deviceModel: CPH1937, appium:deviceName: 7cd884c5, appium:deviceScreenDensity: 320, appium:deviceScreenSize: 720x1600, appium:deviceUDID: 7cd884c5, appium:fullReset: false, appium:ignoreHiddenApiPolicyError: true, appium:javascriptEnabled: true, appium:locationContextEnabled: false, appium:networkConnectionEnabled: true, appium:noReset: true, appium:pixelRatio: 2, appium:platformVersion: 11, appium:statBarHeight: 64, appium:takesScreenshot: true, appium:viewportRect: {height: 1536, left: 0, top: 64, width: 720}, appium:warnings: {}, appium:webStorageEnabled: false, platformName: ANDROID}
Session ID: e320dbc7-f5cd-46c5-8695-9d21610e5617
at org.openqa.selenium.support.ui.WebDriverWait.timeoutException(WebDriverWait.java:84)
at org.openqa.selenium.support.ui.FluentWait.until(FluentWait.java:228)
at pages.LiquidityPage.clickOnEditButton(LiquidityPage.java:290)
at Tests.LiquidityDepositTest.LiquiditySwapPairs(DepositTest.java:89)
at Tests.LiquidityDepositTest.LiquidityScenarioDeposit(DepositTest.java:57)
at java.base/jdk.internal.reflect.DirectMethodHandleAccessor.invoke(DirectMethodHandleAccessor.java:103)
at java.base/java.lang.reflect.Method.invoke(Method.java:580)
at org.testng.internal.invokers.MethodInvocationHelper.invokeMethod(MethodInvocationHelper.java:141)
at org.testng.internal.invokers.TestInvoker.invokeMethod(TestInvoker.java:686)
at org.testng.internal.invokers.TestInvoker.invokeTestMethod(TestInvoker.java:230)
at org.testng.internal.invokers.MethodRunner.runInSequence(MethodRunner.java:63)
at org.testng.internal.invokers.TestInvoker$MethodInvocationAgent.invoke(TestInvoker.java:992)
at org.testng.internal.invokers.TestInvoker.invokeTestMethods(TestInvoker.java:203)
at org.testng.internal.invokers.TestMethodWorker.invokeTestMethods(TestMethodWorker.java:154)
at org.testng.internal.invokers.TestMethodWorker.run(TestMethodWorker.java:134)
at java.base/java.util.ArrayList.forEach(ArrayList.java:1597)
at org.testng.TestRunner.privateRun(TestRunner.java:739)
at org.testng.TestRunner.run(TestRunner.java:614)
at org.testng.SuiteRunner.runTest(SuiteRunner.java:421)
at org.testng.SuiteRunner.runSequentially(SuiteRunner.java:413)
at org.testng.SuiteRunner.privateRun(SuiteRunner.java:373)
at org.testng.SuiteRunner.run(SuiteRunner.java:312)
at org.testng.SuiteRunnerWorker.runSuite(SuiteRunnerWorker.java:52)
at org.testng.SuiteRunnerWorker.run(SuiteRunnerWorker.java:95)
at org.testng.TestNG.runSuitesSequentially(TestNG.java:1274)
at org.testng.TestNG.runSuitesLocally(TestNG.java:1208)
at org.testng.TestNG.runSuites(TestNG.java:1112)
at org.testng.TestNG.run(TestNG.java:1079)
at com.intellij.rt.testng.IDEARemoteTestNG.run(IDEARemoteTestNG.java:65)
at com.intellij.rt.testng.RemoteTestNGStarter.main(RemoteTestNGStarter.java:105)
]]>
    </error>
    <system-out>
      <![CDATA[Clicked on TRX currency successfully
Clicked on Tron Network (TRX) element successfully
Clicked on Lite Coin successfully
Clicked on LTC Network successfully
Clicked on USDT item successfully
Clicked on Tron Network (USDT) successfully
Clicked on USDT - Ethereum Network successfully
<b>Deposit tab completed</b>
<b>Transfer tab started</b>
Clicked on Transfer button successfully
Entered amount: 
Clicked on the bottom 'Transfer' button successfully
Element visibility status: true
Clicked on cancel button successfully
<b> Transfer tab completed</b>
<b>Liquidity Swap Pairs flow started</b>
Clicked on 'Swap pairs' button successfully
✅ Successfully tapped the three dots for TRX ↔ USDT
📷 Screenshot [FAIL]: <a href='test-output/screenshots/LiquidityScenarioDeposit_FAIL_20250417_140148.png'>View</a>]]>
    </system-out>
  </testcase> <!-- LiquidityScenarioDeposit -->
  <system-out>
    <![CDATA[Clicked on TRX currency successfully
Clicked on Tron Network (TRX) element successfully
Clicked on Lite Coin successfully
Clicked on LTC Network successfully
Clicked on USDT item successfully
Clicked on Tron Network (USDT) successfully
Clicked on USDT - Ethereum Network successfully
<b>Deposit tab completed</b>
<b>Transfer tab started</b>
Clicked on Transfer button successfully
Entered amount: 
Clicked on the bottom 'Transfer' button successfully
Element visibility status: true
Clicked on cancel button successfully
<b> Transfer tab completed</b>
<b>Liquidity Swap Pairs flow started</b>
Clicked on 'Swap pairs' button successfully
✅ Successfully tapped the three dots for TRX ↔ USDT
📷 Screenshot [FAIL]: <a href='test-output/screenshots/LiquidityScenarioDeposit_FAIL_20250417_140148.png'>View</a>]]>
  </system-out>
</testsuite> <!-- Tests.LiquidityDepositTest -->
