<?xml version="1.0" encoding="UTF-8"?>
<!-- Generated by org.testng.reporters.JUnitReportReporter -->
<testsuite hostname="DESKTOP-FQ8REV2" failures="0" tests="1" name="Tests.SettingsTest" time="22.025" errors="0" timestamp="2025-04-17T13:52:27 IST" skipped="0">
  <testcase classname="Tests.SettingsTest" name="SettingsTestScenario" time="22.025">
    <system-out>
      <![CDATA[Clicked the 'Welcome Back' button.
✅ Clicked on 'Add Crypto Address' button successfully
✅ Clicked on 'Add New Crypto Address' successfully
✅ Address entered successfully: 
✅ Exchange name entered successfully: 
✅ Clicked on the 'Make this address as default' checkbox
✅ Clicked on 'Add Address' button
📷 Screenshot [PASS]: <a href='test-output/screenshots/SettingsTestScenario_PASS_20250417_135225.png'>View</a>]]>
    </system-out>
  </testcase> <!-- SettingsTestScenario -->
  <system-out>
    <![CDATA[Clicked the 'Welcome Back' button.
✅ Clicked on 'Add Crypto Address' button successfully
✅ Clicked on 'Add New Crypto Address' successfully
✅ Address entered successfully: 
✅ Exchange name entered successfully: 
✅ Clicked on the 'Make this address as default' checkbox
✅ Clicked on 'Add Address' button
📷 Screenshot [PASS]: <a href='test-output/screenshots/SettingsTestScenario_PASS_20250417_135225.png'>View</a>]]>
  </system-out>
</testsuite> <!-- Tests.SettingsTest -->
